
> anywheredoor@0.1.0 dev:api
> tsx api/index.ts

🚀 AnyWhereDoor API Server is running on port 3001
<-- GET /api/videos/featured
--> GET /api/videos/featured [32m200[0m 21ms
<-- OPTIONS /api/videos?limit=12
--> OPTIONS /api/videos?limit=12 [32m204[0m 5ms
<-- OPTIONS /api/categories
--> OPTIONS /api/categories [32m204[0m 1ms
<-- GET /api/videos?limit=12
<-- OPTIONS /api/videos/featured
--> OPTIONS /api/videos/featured [32m204[0m 1ms
<-- GET /api/videos/featured
<-- GET /api/categories
<-- OPTIONS /api/videos?limit=12
--> OPTIONS /api/videos?limit=12 [32m204[0m 1ms
--> GET /api/categories [32m200[0m 11ms
--> GET /api/videos/featured [32m200[0m 16ms
--> GET /api/videos?limit=12 [32m200[0m 54ms
<-- GET /api/videos?limit=12
--> GET /api/videos?limit=12 [32m200[0m 4ms
<-- GET /thumbnails/default-360.svg
--> GET /thumbnails/default-360.svg [32m200[0m 2ms
<-- OPTIONS /api/videos/99b9cc4b-6801-4800-81ea-0c284265e848
--> OPTIONS /api/videos/99b9cc4b-6801-4800-81ea-0c284265e848 [32m204[0m 1ms
<-- OPTIONS /api/videos/99b9cc4b-6801-4800-81ea-0c284265e848
--> OPTIONS /api/videos/99b9cc4b-6801-4800-81ea-0c284265e848 [32m204[0m 1ms
<-- GET /api/videos/99b9cc4b-6801-4800-81ea-0c284265e848
--> GET /api/videos/99b9cc4b-6801-4800-81ea-0c284265e848 [32m200[0m 17ms
<-- GET /api/videos/99b9cc4b-6801-4800-81ea-0c284265e848
--> GET /api/videos/99b9cc4b-6801-4800-81ea-0c284265e848 [32m200[0m 6ms
<-- GET /videos/sample-fuji.mp4
--> GET /videos/sample-fuji.mp4 [33m404[0m 1ms
<-- GET /videos/sample-fuji.mp4
--> GET /videos/sample-fuji.mp4 [33m404[0m 1ms
<-- OPTIONS /api/videos?limit=12
--> OPTIONS /api/videos?limit=12 [32m204[0m 1ms
<-- OPTIONS /api/categories
--> OPTIONS /api/categories [32m204[0m 1ms
<-- OPTIONS /api/videos/featured
--> OPTIONS /api/videos/featured [32m204[0m 1ms
<-- OPTIONS /api/videos/featured
--> OPTIONS /api/videos/featured [32m204[0m 0ms
<-- GET /api/videos?limit=12
<-- OPTIONS /api/videos?limit=12
--> OPTIONS /api/videos?limit=12 [32m204[0m 0ms
<-- OPTIONS /api/videos?limit=12
--> OPTIONS /api/videos?limit=12 [32m204[0m 1ms
<-- GET /api/videos/featured
<-- GET /api/categories
<-- OPTIONS /api/videos?limit=12
--> OPTIONS /api/videos?limit=12 [32m204[0m 0ms
<-- OPTIONS /api/categories
--> OPTIONS /api/categories [32m204[0m 1ms
--> GET /api/videos/featured [32m200[0m 16ms
<-- GET /api/videos/featured
--> GET /api/videos?limit=12 [32m200[0m 23ms
--> GET /api/videos/featured [32m200[0m 4ms
<-- GET /api/videos?limit=12
--> GET /api/categories [32m200[0m 24ms
--> GET /api/videos?limit=12 [32m200[0m 4ms
<-- GET /api/categories
<-- GET /api/videos?limit=12
--> GET /api/categories [32m200[0m 2ms
--> GET /api/videos?limit=12 [32m200[0m 6ms
<-- GET /api/videos?limit=12
--> GET /api/videos?limit=12 [32m200[0m 3ms
<-- GET /thumbnails/default-360.svg
--> GET /thumbnails/default-360.svg [32m200[0m 1ms
<-- OPTIONS /api/videos/99b9cc4b-6801-4800-81ea-0c284265e848
--> OPTIONS /api/videos/99b9cc4b-6801-4800-81ea-0c284265e848 [32m204[0m 0ms
<-- OPTIONS /api/videos/99b9cc4b-6801-4800-81ea-0c284265e848
--> OPTIONS /api/videos/99b9cc4b-6801-4800-81ea-0c284265e848 [32m204[0m 0ms
<-- GET /api/videos/99b9cc4b-6801-4800-81ea-0c284265e848
--> GET /api/videos/99b9cc4b-6801-4800-81ea-0c284265e848 [32m200[0m 9ms
<-- GET /api/videos/99b9cc4b-6801-4800-81ea-0c284265e848
--> GET /api/videos/99b9cc4b-6801-4800-81ea-0c284265e848 [32m200[0m 36ms
<-- GET /videos/sample-fuji.mp4
--> GET /videos/sample-fuji.mp4 [33m404[0m 1ms
<-- GET /videos/sample-fuji.mp4
--> GET /videos/sample-fuji.mp4 [33m404[0m 1ms
<-- GET /api/videos?limit=12
<-- GET /api/categories
<-- GET /api/videos/featured
--> GET /api/categories [32m200[0m 1ms
--> GET /api/videos/featured [32m200[0m 1ms
--> GET /api/videos?limit=12 [32m200[0m 3ms
<-- GET /api/categories
<-- GET /api/videos/featured
<-- GET /api/videos?limit=12
--> GET /api/categories [32m200[0m 1ms
--> GET /api/videos/featured [32m200[0m 2ms
--> GET /api/videos?limit=12 [32m200[0m 2ms
<-- GET /api/videos?limit=12
--> GET /api/videos?limit=12 [32m200[0m 3ms
<-- GET /api/videos?limit=12
--> GET /api/videos?limit=12 [32m200[0m 3ms
<-- OPTIONS /api/videos/b5ab4c40-4cc8-4af1-9ba4-4c304b96d54c
--> OPTIONS /api/videos/b5ab4c40-4cc8-4af1-9ba4-4c304b96d54c [32m204[0m 0ms
<-- OPTIONS /api/videos/b5ab4c40-4cc8-4af1-9ba4-4c304b96d54c
--> OPTIONS /api/videos/b5ab4c40-4cc8-4af1-9ba4-4c304b96d54c [32m204[0m 0ms
<-- GET /api/videos/b5ab4c40-4cc8-4af1-9ba4-4c304b96d54c
--> GET /api/videos/b5ab4c40-4cc8-4af1-9ba4-4c304b96d54c [32m200[0m 4ms
<-- GET /api/videos/b5ab4c40-4cc8-4af1-9ba4-4c304b96d54c
--> GET /api/videos/b5ab4c40-4cc8-4af1-9ba4-4c304b96d54c [32m200[0m 2ms
<-- GET /videos/sample-kyoto.mp4
--> GET /videos/sample-kyoto.mp4 [33m404[0m 0ms
<-- GET /videos/sample-kyoto.mp4
--> GET /videos/sample-kyoto.mp4 [33m404[0m 1ms
<-- OPTIONS /api/videos?limit=12
--> OPTIONS /api/videos?limit=12 [32m204[0m 0ms
<-- OPTIONS /api/categories
--> OPTIONS /api/categories [32m204[0m 1ms
<-- OPTIONS /api/videos/featured
--> OPTIONS /api/videos/featured [32m204[0m 0ms
<-- OPTIONS /api/videos/featured
--> OPTIONS /api/videos/featured [32m204[0m 0ms
<-- GET /api/videos?limit=12
<-- OPTIONS /api/videos?limit=12
--> OPTIONS /api/videos?limit=12 [32m204[0m 1ms
<-- OPTIONS /api/videos?limit=12
--> OPTIONS /api/videos?limit=12 [32m204[0m 0ms
<-- GET /api/videos/featured
<-- GET /api/categories
<-- OPTIONS /api/videos?limit=12
--> OPTIONS /api/videos?limit=12 [32m204[0m 1ms
<-- OPTIONS /api/categories
--> OPTIONS /api/categories [32m204[0m 0ms
--> GET /api/categories [32m200[0m 12ms
<-- GET /api/categories
--> GET /api/categories [32m200[0m 2ms
--> GET /api/videos/featured [32m200[0m 18ms
<-- GET /api/videos/featured
--> GET /api/videos?limit=12 [32m200[0m 24ms
--> GET /api/videos/featured [32m200[0m 2ms
<-- GET /api/videos?limit=12
--> GET /api/videos?limit=12 [32m200[0m 3ms
<-- GET /api/videos?limit=12
--> GET /api/videos?limit=12 [32m200[0m 3ms
<-- GET /api/videos?limit=12
<-- GET /thumbnails/default-360.svg
--> GET /thumbnails/default-360.svg [32m200[0m 1ms
--> GET /api/videos?limit=12 [32m200[0m 5ms
